#
# There is insufficient memory for the Java Runtime Environment to continue.
# Native memory allocation (mmap) failed to map 266338304 bytes for G1 virtual space
# Possible reasons:
#   The system is out of physical RAM or swap space
#   The process is running with CompressedOops enabled, and the Java Heap may be blocking the growth of the native heap
# Possible solutions:
#   Reduce memory load on the system
#   Increase physical memory or swap space
#   Check if swap backing store is full
#   Decrease Java heap size (-Xmx/-Xms)
#   Decrease number of Java threads
#   Decrease Java thread stack sizes (-Xss)
#   Set larger code cache with -XX:ReservedCodeCacheSize=
#   JVM is running with Zero Based Compressed Oops mode in which the Java heap is
#     placed in the first 32GB address space. The Java Heap base address is the
#     maximum limit for the native heap growth. Please use -XX:HeapBaseMinAddress
#     to set the Java Heap base and to place the Java Heap above 32GB virtual address.
# This output file may be truncated or incomplete.
#
#  Out of Memory Error (os_windows.cpp:3548), pid=22764, tid=23352
#
# JRE version:  (17.0.12+8) (build )
# Java VM: Java HotSpot(TM) 64-Bit Server VM (17.0.12+8-LTS-286, mixed mode, sharing, tiered, compressed oops, compressed class ptrs, g1 gc, windows-amd64)
# No core dump will be written. Minidumps are not enabled by default on client versions of Windows
#

---------------  S U M M A R Y ------------

Command Line: -XX:+ShowCodeDetailsInExceptionMessages -agentlib:jdwp=transport=dt_socket,suspend=y,address=localhost:55601 -javaagent:D:\Eclipse\eclipse\configuration\org.eclipse.osgi\1234\0\.cp\lib\javaagent-shaded.jar -Dfile.encoding=UTF-8 -Dstdout.encoding=UTF-8 -Dstderr.encoding=UTF-8 com.hly.studentmanagement.dao.StudentDAO

Host: Intel(R) Core(TM) i5-9300H CPU @ 2.40GHz, 8 cores, 15G,  Windows 11 , 64 bit Build 22621 (10.0.22621.3958)
Time: Wed Sep 25 22:46:29 2024 SE Asia Standard Time elapsed time: 0.011052 seconds (0d 0h 0m 0s)

---------------  T H R E A D  ---------------

Current thread (0x00000279175037e0):  JavaThread "Unknown thread" [_thread_in_vm, id=23352, stack(0x000000edf8100000,0x000000edf8200000)]

Stack: [0x000000edf8100000,0x000000edf8200000]
Native frames: (J=compiled Java code, j=interpreted, Vv=VM code, C=native code)
V  [jvm.dll+0x67a04a]
V  [jvm.dll+0x7da4ed]
V  [jvm.dll+0x7dbe33]
V  [jvm.dll+0x7dc4a3]
V  [jvm.dll+0x24508f]
V  [jvm.dll+0x677089]
V  [jvm.dll+0x66bd32]
V  [jvm.dll+0x301fa6]
V  [jvm.dll+0x309546]
V  [jvm.dll+0x359d2e]
V  [jvm.dll+0x359f5f]
V  [jvm.dll+0x2d9078]
V  [jvm.dll+0x2d9fe4]
V  [jvm.dll+0x7aca21]
V  [jvm.dll+0x367591]
V  [jvm.dll+0x78b999]
V  [jvm.dll+0x3ec83f]
V  [jvm.dll+0x3ee471]
C  [jli.dll+0x5297]
C  [ucrtbase.dll+0x29333]
C  [KERNEL32.DLL+0x1257d]
C  [ntdll.dll+0x5af28]


---------------  P R O C E S S  ---------------

Threads class SMR info:
_java_thread_list=0x00007ff9dea37a18, length=0, elements={
}

Java Threads: ( => current thread )

Other Threads:
  0x000002791756f630 GCTaskThread "GC Thread#0" [stack: 0x000000edf8200000,0x000000edf8300000] [id=18396]
  0x0000027917582260 ConcurrentGCThread "G1 Main Marker" [stack: 0x000000edf8300000,0x000000edf8400000] [id=11636]
  0x0000027917583310 ConcurrentGCThread "G1 Conc#0" [stack: 0x000000edf8400000,0x000000edf8500000] [id=21280]

[error occurred during error reporting (printing all threads), id 0xc0000005, EXCEPTION_ACCESS_VIOLATION (0xc0000005) at pc=0x00007ff9de269b67]

VM state: not at safepoint (not fully initialized)

VM Mutex/Monitor currently owned by a thread:  ([mutex/lock_event])
[0x00000279174fe840] Heap_lock - owner thread: 0x00000279175037e0

Heap address: 0x0000000702400000, size: 4060 MB, Compressed Oops mode: Zero based, Oop shift amount: 3

CDS archive(s) mapped at: [0x0000000000000000-0x0000000000000000-0x0000000000000000), size 0, SharedBaseAddress: 0x0000000800000000, ArchiveRelocationMode: 1.
Narrow klass base: 0x0000000000000000, Narrow klass shift: 0, Narrow klass range: 0x0

GC Precious Log:
<Empty>

Heap:
 garbage-first heap   total 0K, used 0K [0x0000000702400000, 0x0000000800000000)
  region size 2048K, 0 young (0K), 0 survivors (0K)

[error occurred during error reporting (printing heap information), id 0xc0000005, EXCEPTION_ACCESS_VIOLATION (0xc0000005) at pc=0x00007ff9de653859]

GC Heap History (0 events):
No events

Deoptimization events (0 events):
No events

Classes unloaded (0 events):
No events

Classes redefined (0 events):
No events

Internal exceptions (0 events):
No events

VM Operations (0 events):
No events

Events (1 events):
Event: 0.007 Loaded shared library C:\Program Files\Java\jdk-17\bin\java.dll


Dynamic libraries:
0x00007ff6a9c30000 - 0x00007ff6a9c40000 	C:\Program Files\Java\jdk-17\bin\javaw.exe
0x00007ffa5eb90000 - 0x00007ffa5eda7000 	C:\WINDOWS\SYSTEM32\ntdll.dll
0x00007ffa5e030000 - 0x00007ffa5e0f4000 	C:\WINDOWS\System32\KERNEL32.DLL
0x00007ffa5c510000 - 0x00007ffa5c8bd000 	C:\WINDOWS\System32\KERNELBASE.dll
0x00007ffa5c2d0000 - 0x00007ffa5c3e1000 	C:\WINDOWS\System32\ucrtbase.dll
0x00007ffa50dc0000 - 0x00007ffa50ddb000 	C:\Program Files\Java\jdk-17\bin\VCRUNTIME140.dll
0x00007ffa50e20000 - 0x00007ffa50e39000 	C:\Program Files\Java\jdk-17\bin\jli.dll
0x00007ffa5e4a0000 - 0x00007ffa5e552000 	C:\WINDOWS\System32\ADVAPI32.dll
0x00007ffa5dd00000 - 0x00007ffa5dda7000 	C:\WINDOWS\System32\msvcrt.dll
0x00007ffa5daa0000 - 0x00007ffa5db49000 	C:\WINDOWS\System32\sechost.dll
0x00007ffa5c3f0000 - 0x00007ffa5c418000 	C:\WINDOWS\System32\bcrypt.dll
0x00007ffa5e2c0000 - 0x00007ffa5e3d4000 	C:\WINDOWS\System32\RPCRT4.dll
0x00007ffa5d8f0000 - 0x00007ffa5da9e000 	C:\WINDOWS\System32\USER32.dll
0x00007ffa490f0000 - 0x00007ffa49383000 	C:\WINDOWS\WinSxS\amd64_microsoft.windows.common-controls_6595b64144ccf1df_6.0.22621.3672_none_2713b9d173822955\COMCTL32.dll
0x00007ffa5c4e0000 - 0x00007ffa5c506000 	C:\WINDOWS\System32\win32u.dll
0x00007ffa5e200000 - 0x00007ffa5e229000 	C:\WINDOWS\System32\GDI32.dll
0x00007ffa5bfd0000 - 0x00007ffa5c0e9000 	C:\WINDOWS\System32\gdi32full.dll
0x00007ffa5bf30000 - 0x00007ffa5bfca000 	C:\WINDOWS\System32\msvcp_win.dll
0x00007ffa54860000 - 0x00007ffa5486a000 	C:\WINDOWS\SYSTEM32\VERSION.dll
0x00007ffa5db60000 - 0x00007ffa5db91000 	C:\WINDOWS\System32\IMM32.DLL
0x00007ffa57890000 - 0x00007ffa5789c000 	C:\Program Files\Java\jdk-17\bin\vcruntime140_1.dll
0x00007ffa36800000 - 0x00007ffa3688e000 	C:\Program Files\Java\jdk-17\bin\msvcp140.dll
0x00007ff9ddf80000 - 0x00007ff9deb60000 	C:\Program Files\Java\jdk-17\bin\server\jvm.dll
0x00007ffa5de60000 - 0x00007ffa5de68000 	C:\WINDOWS\System32\PSAPI.DLL
0x00007ffa3dd40000 - 0x00007ffa3dd74000 	C:\WINDOWS\SYSTEM32\WINMM.dll
0x00007ffa50770000 - 0x00007ffa50779000 	C:\WINDOWS\SYSTEM32\WSOCK32.dll
0x00007ffa5c8c0000 - 0x00007ffa5c931000 	C:\WINDOWS\System32\WS2_32.dll
0x00007ffa5aec0000 - 0x00007ffa5aed8000 	C:\WINDOWS\SYSTEM32\kernel.appcore.dll
0x00007ffa4e7c0000 - 0x00007ffa4e7ca000 	C:\Program Files\Java\jdk-17\bin\jimage.dll
0x00007ffa59810000 - 0x00007ffa59a42000 	C:\WINDOWS\SYSTEM32\DBGHELP.DLL
0x00007ffa5e600000 - 0x00007ffa5e98e000 	C:\WINDOWS\System32\combase.dll
0x00007ffa5e990000 - 0x00007ffa5ea67000 	C:\WINDOWS\System32\OLEAUT32.dll
0x00007ffa532e0000 - 0x00007ffa53312000 	C:\WINDOWS\SYSTEM32\dbgcore.DLL
0x00007ffa5beb0000 - 0x00007ffa5bf2b000 	C:\WINDOWS\System32\bcryptPrimitives.dll
0x00007ffa35600000 - 0x00007ffa3563b000 	C:\Program Files\Java\jdk-17\bin\jdwp.dll
0x00007ffa4db60000 - 0x00007ffa4db6e000 	C:\Program Files\Java\jdk-17\bin\instrument.dll
0x00007ffa355d0000 - 0x00007ffa355f5000 	C:\Program Files\Java\jdk-17\bin\java.dll

dbghelp: loaded successfully - version: 4.0.5 - missing functions: none
symbol engine: initialized successfully - sym options: 0x614 - pdb path: .;C:\Program Files\Java\jdk-17\bin;C:\WINDOWS\SYSTEM32;C:\WINDOWS\WinSxS\amd64_microsoft.windows.common-controls_6595b64144ccf1df_6.0.22621.3672_none_2713b9d173822955;C:\Program Files\Java\jdk-17\bin\server

VM Arguments:
jvm_args: -XX:+ShowCodeDetailsInExceptionMessages -agentlib:jdwp=transport=dt_socket,suspend=y,address=localhost:55601 -javaagent:D:\Eclipse\eclipse\configuration\org.eclipse.osgi\1234\0\.cp\lib\javaagent-shaded.jar -Dfile.encoding=UTF-8 -Dstdout.encoding=UTF-8 -Dstderr.encoding=UTF-8 
java_command: com.hly.studentmanagement.dao.StudentDAO
java_class_path (initial): C:\Users\Lys\Desktop\Swing\workspace\StudentManagement\target\classes;C:\Users\Lys\.m2\repository\org\projectlombok\lombok\1.18.32\lombok-1.18.32.jar;C:\Users\Lys\.m2\repository\com\microsoft\sqlserver\mssql-jdbc\11.2.3.jre17\mssql-jdbc-11.2.3.jre17.jar
Launcher Type: SUN_STANDARD

[Global flags]
     intx CICompilerCount                          = 4                                         {product} {ergonomic}
     uint ConcGCThreads                            = 2                                         {product} {ergonomic}
     uint G1ConcRefinementThreads                  = 8                                         {product} {ergonomic}
   size_t G1HeapRegionSize                         = 2097152                                   {product} {ergonomic}
    uintx GCDrainStackTargetSize                   = 64                                        {product} {ergonomic}
   size_t InitialHeapSize                          = 266338304                                 {product} {ergonomic}
   size_t MarkStackSize                            = 4194304                                   {product} {ergonomic}
   size_t MaxHeapSize                              = 4257218560                                {product} {ergonomic}
   size_t MinHeapDeltaBytes                        = 2097152                                   {product} {ergonomic}
   size_t MinHeapSize                              = 8388608                                   {product} {ergonomic}
    uintx NonNMethodCodeHeapSize                   = 5839372                                {pd product} {ergonomic}
    uintx NonProfiledCodeHeapSize                  = 122909434                              {pd product} {ergonomic}
    uintx ProfiledCodeHeapSize                     = 122909434                              {pd product} {ergonomic}
    uintx ReservedCodeCacheSize                    = 251658240                              {pd product} {ergonomic}
     bool SegmentedCodeCache                       = true                                      {product} {ergonomic}
     bool ShowCodeDetailsInExceptionMessages       = true                                   {manageable} {command line}
   size_t SoftMaxHeapSize                          = 4257218560                             {manageable} {ergonomic}
     bool UseCompressedClassPointers               = true                           {product lp64_product} {ergonomic}
     bool UseCompressedOops                        = true                           {product lp64_product} {ergonomic}
     bool UseG1GC                                  = true                                      {product} {ergonomic}
     bool UseLargePagesIndividualAllocation        = false                                  {pd product} {ergonomic}

Logging:
Log output configuration:
 #0: stdout all=warning uptime,level,tags
 #1: stderr all=off uptime,level,tags

Environment Variables:
JAVA_HOME=C:\Program Files\Java\jdk-17
PATH=C:/Users/Lys/.p2/pool/plugins/org.eclipse.justj.openjdk.hotspot.jre.full.win32.x86_64_23.0.0.v20240919-1706/jre/bin/server;C:/Users/Lys/.p2/pool/plugins/org.eclipse.justj.openjdk.hotspot.jre.full.win32.x86_64_23.0.0.v20240919-1706/jre/bin;C:\Program Files\Common Files\Oracle\Java\javapath;C:\Program Files\Microsoft MPI\Bin\;C:\WINDOWS\system32;C:\WINDOWS;C:\WINDOWS\System32\Wbem;C:\WINDOWS\System32\WindowsPowerShell\v1.0\;C:\WINDOWS\System32\OpenSSH\;C:\Program Files (x86)\NVIDIA Corporation\PhysX\Common;C:\WINDOWS\system32;C:\WINDOWS;C:\WINDOWS\System32\Wbem;C:\WINDOWS\System32\WindowsPowerShell\v1.0\;C:\WINDOWS\System32\OpenSSH\;C:\Program Files\Java\jdk-17\bin;C:\MinGW\bin;C:\Program Files (x86)\Microsoft SQL Server\160\Tools\Binn\;C:\Program Files\Microsoft SQL Server\160\Tools\Binn\;C:\Program Files\Microsoft SQL Server\Client SDK\ODBC\170\Tools\Binn\;C:\Program Files\Microsoft SQL Server\160\DTS\Binn\;C:\Program Files (x86)\Microsoft SQL Server\160\DTS\Binn\;C:\Program Files\nodejs\;C:\Program Files\nodejs;C:\apache-maven-3.9.8\bin;C:\Users\Lys\Downloads\apache-tomcat-10.1.25\apache-tomcat-10.1.25\bin;C:\Program Files\Git\cmd;C:\Program Files\Java\jdk-17\bin;C:\Users\Lys\AppData\Local\Microsoft\WindowsApps;C:\Users\Lys\AppData\Local\Programs\Microsoft VS Code\bin;C:\Users\Lys\AppData\Roaming\npm;;C:\Users\Lys\Desktop;
USERNAME=Lys
OS=Windows_NT
PROCESSOR_IDENTIFIER=Intel64 Family 6 Model 158 Stepping 10, GenuineIntel



---------------  S Y S T E M  ---------------

OS:
 Windows 11 , 64 bit Build 22621 (10.0.22621.3958)
OS uptime: 6 days 12:41 hours
Hyper-V role detected

CPU: total 8 (initial active 8) (4 cores per cpu, 2 threads per core) family 6 model 158 stepping 10 microcode 0xde, cx8, cmov, fxsr, ht, mmx, 3dnowpref, sse, sse2, sse3, ssse3, sse4.1, sse4.2, popcnt, lzcnt, tsc, tscinvbit, avx, avx2, aes, erms, clmul, bmi1, bmi2, adx, fma, vzeroupper, clflush, clflushopt, hv

Memory: 4k page, system-wide physical 16236M (7030M free)
TotalPageFile size 28477M (AvailPageFile size 193M)
current process WorkingSet (physical memory assigned to process): 11M, peak: 11M
current process commit charge ("private bytes"): 60M, peak: 314M

vm_info: Java HotSpot(TM) 64-Bit Server VM (17.0.12+8-LTS-286) for windows-amd64 JRE (17.0.12+8-LTS-286), built on Jun  5 2024 06:46:59 by "mach5one" with MS VC++ 17.6 (VS2022)

END.
